Using pre-set license
Built from '2020.3/staging' branch; Version is '2020.3.3f1 (76626098c1c4) revision 7758432'; Using compiler version '192528614'; Build Type 'Release'
OS: 'Windows 10 Home; OS build 19042.1052; Version 2009; 64bit' Language: 'pl' Physical Memory: 32634 MB
BatchMode: 1, IsHumanControllingUs: 0, StartBugReporterOnCrash: 0, Is64bit: 1, IsPro: 0

 COMMAND LINE ARGUMENTS:
C:\Program Files\Unity\Hub\Editor\2020.3.3f1\Editor\Unity.exe
-adb2
-batchMode
-noUpm
-name
AssetImportWorker0
-projectPath
C:/Users/sitar/Documents/Unity Projects/ManufactureVisualization
-logFile
Logs/AssetImportWorker0.log
-srvPort
50406
Successfully changed project path to: C:/Users/sitar/Documents/Unity Projects/ManufactureVisualization
C:/Users/sitar/Documents/Unity Projects/ManufactureVisualization
Using Asset Import Pipeline V2.
Refreshing native plugins compatible for Editor in 31.30 ms, found 0 plugins.
Preloading 0 native plugins for Editor in 0.00 ms.
Initialize engine version: 2020.3.3f1 (76626098c1c4)
[Subsystems] Discovering subsystems at path C:/Program Files/Unity/Hub/Editor/2020.3.3f1/Editor/Data/Resources/UnitySubsystems
[Subsystems] Discovering subsystems at path C:/Users/sitar/Documents/Unity Projects/ManufactureVisualization/Assets
GfxDevice: creating device client; threaded=0
Direct3D:
    Version:  Direct3D 11.0 [level 11.1]
    Renderer: NVIDIA GeForce GTX 1050 (ID=0x1c8d)
    Vendor:   
    VRAM:     4019 MB
    Driver:   27.21.14.5771
Initialize mono
Mono path[0] = 'C:/Program Files/Unity/Hub/Editor/2020.3.3f1/Editor/Data/Managed'
Mono path[1] = 'C:/Program Files/Unity/Hub/Editor/2020.3.3f1/Editor/Data/MonoBleedingEdge/lib/mono/unityjit'
Mono config path = 'C:/Program Files/Unity/Hub/Editor/2020.3.3f1/Editor/Data/MonoBleedingEdge/etc'
Using monoOptions --debugger-agent=transport=dt_socket,embedding=1,server=y,suspend=n,address=127.0.0.1:56020
Begin MonoManager ReloadAssembly
Registering precompiled unity dll's ...
Register platform support module: C:/Program Files/Unity/Hub/Editor/2020.3.3f1/Editor/Data/PlaybackEngines/WindowsStandaloneSupport/UnityEditor.WindowsStandalone.Extensions.dll
Registered in 0.001808 seconds.
Native extension for WindowsStandalone target not found
Refreshing native plugins compatible for Editor in 38.95 ms, found 0 plugins.
Preloading 0 native plugins for Editor in 0.00 ms.
Invoked RoslynAnalysisRunner static constructor.
RoslynAnalysisRunner will not be running.
RoslynAnalysisRunner has terminated.
Mono: successfully reloaded assembly
- Completed reload, in  1.093 seconds
Platform modules already initialized, skipping
Registering precompiled user dll's ...
Registered in 0.000846 seconds.
Begin MonoManager ReloadAssembly
Native extension for WindowsStandalone target not found
Refreshing native plugins compatible for Editor in 0.21 ms, found 0 plugins.
Preloading 0 native plugins for Editor in 0.00 ms.
Invoked RoslynAnalysisRunner static constructor.
RoslynAnalysisRunner will not be running.
RoslynAnalysisRunner has terminated.
Mono: successfully reloaded assembly
- Completed reload, in  1.017 seconds
Platform modules already initialized, skipping
========================================================================
Worker process is ready to serve import requests
Launched and connected shader compiler UnityShaderCompiler.exe after 0.05 seconds
Refreshing native plugins compatible for Editor in 0.28 ms, found 0 plugins.
Preloading 0 native plugins for Editor in 0.00 ms.
Unloading 1131 Unused Serialized files (Serialized files now loaded: 0)
System memory in use before: 61.1 MB.
System memory in use after: 61.2 MB.

Unloading 10 unused Assets to reduce memory usage. Loaded Objects now: 1584.
Total: 2.219200 ms (FindLiveObjects: 0.155300 ms CreateObjectMapping: 0.048600 ms MarkObjects: 1.910400 ms  DeleteObjects: 0.103700 ms)

========================================================================
Received Import Request.
  path: Assets/AssetStore/RPG_FPS_game_assets_industrial/Textures/Transparent/Lattice/Lattice_v1
  artifactKey: Guid(75c5dc446e584814690b0b8a0f0d2c35) Importer(815301076,1909f56bfc062723c751e8b465ee728b)
Start importing Assets/AssetStore/RPG_FPS_game_assets_industrial/Textures/Transparent/Lattice/Lattice_v1 using Guid(75c5dc446e584814690b0b8a0f0d2c35) Importer(815301076,1909f56bfc062723c751e8b465ee728b)  -> (artifact id: 'a8a8292b7df8e3fba858c0871af4e3f7') in 0.013306 seconds
  Import took 0.016578 seconds .

========================================================================
Received Import Request.
  Time since last request: 0.000400 seconds.
  path: Assets/AssetStore/RPG_FPS_game_assets_industrial/Textures/Transparent/Lattice
  artifactKey: Guid(1900815465a172c42bfa310ab75078c3) Importer(815301076,1909f56bfc062723c751e8b465ee728b)
Start importing Assets/AssetStore/RPG_FPS_game_assets_industrial/Textures/Transparent/Lattice using Guid(1900815465a172c42bfa310ab75078c3) Importer(815301076,1909f56bfc062723c751e8b465ee728b)  -> (artifact id: '16ae487c6a166c067b461ee439b77512') in 0.015464 seconds
  Import took 0.018479 seconds .

========================================================================
Received Import Request.
  Time since last request: 0.000233 seconds.
  path: Assets/AssetStore/RPG_FPS_game_assets_industrial/Textures/Transparent/Lattice/Lattice_v1/Lattice_v1.mat
  artifactKey: Guid(666d0826bcae23540ad89fb826867c32) Importer(815301076,1909f56bfc062723c751e8b465ee728b)
Start importing Assets/AssetStore/RPG_FPS_game_assets_industrial/Textures/Transparent/Lattice/Lattice_v1/Lattice_v1.mat using Guid(666d0826bcae23540ad89fb826867c32) Importer(815301076,1909f56bfc062723c751e8b465ee728b)  -> (artifact id: 'b4eb67c0b7725f71ce3ea773473505b9') in 0.432044 seconds
  Import took 0.435314 seconds .

========================================================================
Received Import Request.
  Time since last request: 67.260854 seconds.
  path: Assets/AssetStore/RPG_FPS_game_assets_industrial/Textures/Asphalt/Road_with_pavements_v1
  artifactKey: Guid(70c8dfaff21f97946800e1c31bcc90ca) Importer(815301076,1909f56bfc062723c751e8b465ee728b)
Start importing Assets/AssetStore/RPG_FPS_game_assets_industrial/Textures/Asphalt/Road_with_pavements_v1 using Guid(70c8dfaff21f97946800e1c31bcc90ca) Importer(815301076,1909f56bfc062723c751e8b465ee728b)  -> (artifact id: 'ceb87e60f447f57f6e17d19fd6fc954e') in 0.012880 seconds
  Import took 0.016559 seconds .

========================================================================
Received Import Request.
  Time since last request: 0.098632 seconds.
  path: Assets/AssetStore/RPG_FPS_game_assets_industrial/Textures/Asphalt/Road_with_pavements_v1/Road_with_pavements_v1.mat
  artifactKey: Guid(8d5d2d46a0146fa4c86ae0c056e3282d) Importer(815301076,1909f56bfc062723c751e8b465ee728b)
Start importing Assets/AssetStore/RPG_FPS_game_assets_industrial/Textures/Asphalt/Road_with_pavements_v1/Road_with_pavements_v1.mat using Guid(8d5d2d46a0146fa4c86ae0c056e3282d) Importer(815301076,1909f56bfc062723c751e8b465ee728b)  -> (artifact id: '17c32213cd8b1055659d4dbc1570f49d') in 0.042749 seconds
  Import took 0.045563 seconds .

========================================================================
Received Import Request.
  Time since last request: 3.037364 seconds.
  path: Assets/AssetStore/RPG_FPS_game_assets_industrial/Textures/Asphalt/Seamless_asphalt_v1
  artifactKey: Guid(5900007915fbcc44798553ec9d6b09bb) Importer(815301076,1909f56bfc062723c751e8b465ee728b)
Start importing Assets/AssetStore/RPG_FPS_game_assets_industrial/Textures/Asphalt/Seamless_asphalt_v1 using Guid(5900007915fbcc44798553ec9d6b09bb) Importer(815301076,1909f56bfc062723c751e8b465ee728b)  -> (artifact id: 'ebd03cd4fdb3bf7754f2c2130afdafda') in 0.012010 seconds
  Import took 0.015018 seconds .

========================================================================
Received Import Request.
  Time since last request: 0.050208 seconds.
  path: Assets/AssetStore/RPG_FPS_game_assets_industrial/Textures/Asphalt/Seamless_asphalt_v1/Seamless_asphalt_v1.mat
  artifactKey: Guid(999517f045d65924db469ec2a4a5c833) Importer(815301076,1909f56bfc062723c751e8b465ee728b)
Start importing Assets/AssetStore/RPG_FPS_game_assets_industrial/Textures/Asphalt/Seamless_asphalt_v1/Seamless_asphalt_v1.mat using Guid(999517f045d65924db469ec2a4a5c833) Importer(815301076,1909f56bfc062723c751e8b465ee728b)  -> (artifact id: '0d9c44bff3f4d9a9db25e3d0633b9dab') in 0.035144 seconds
  Import took 0.037925 seconds .

========================================================================
Received Import Request.
  Time since last request: 171.978083 seconds.
  path: Assets/AssetStore/RPG_FPS_game_assets_industrial/Roads/Floor_elevation_sets/UNIFloor_elevation_set_v1/Source
  artifactKey: Guid(a47416d81367b1c4e84a7b077f53957e) Importer(815301076,1909f56bfc062723c751e8b465ee728b)
Start importing Assets/AssetStore/RPG_FPS_game_assets_industrial/Roads/Floor_elevation_sets/UNIFloor_elevation_set_v1/Source using Guid(a47416d81367b1c4e84a7b077f53957e) Importer(815301076,1909f56bfc062723c751e8b465ee728b)  -> (artifact id: '044f5da5b43c9509eeabdf1e01cc36da') in 0.012510 seconds
  Import took 0.015798 seconds .

========================================================================
Received Import Request.
  Time since last request: 0.001115 seconds.
  path: Assets/AssetStore/RPG_FPS_game_assets_industrial/Roads/Floor_elevation_sets/UNIFloor_elevation_set_v1/Source
  artifactKey: Guid(a47416d81367b1c4e84a7b077f53957e) Importer(815301076,1909f56bfc062723c751e8b465ee728b)
Start importing Assets/AssetStore/RPG_FPS_game_assets_industrial/Roads/Floor_elevation_sets/UNIFloor_elevation_set_v1/Source using Guid(a47416d81367b1c4e84a7b077f53957e) Importer(815301076,1909f56bfc062723c751e8b465ee728b)  -> (artifact id: '044f5da5b43c9509eeabdf1e01cc36da') in 0.002856 seconds
  Import took 0.005270 seconds .

========================================================================
Received Import Request.
  Time since last request: 166.787984 seconds.
  path: Assets/AssetStore/RPG_FPS_game_assets_industrial/Other_props/Support_set/Support_set_v1/Support_set_v1_railing1_2 1.prefab
  artifactKey: Guid(3e9da32185029ed4c8ed0fd2cb84d08b) Importer(815301076,1909f56bfc062723c751e8b465ee728b)
Start importing Assets/AssetStore/RPG_FPS_game_assets_industrial/Other_props/Support_set/Support_set_v1/Support_set_v1_railing1_2 1.prefab using Guid(3e9da32185029ed4c8ed0fd2cb84d08b) Importer(815301076,1909f56bfc062723c751e8b465ee728b)  -> (artifact id: '523c1e71d98f45915c0add1ae7c18e81') in 0.049067 seconds
  Import took 0.052336 seconds .

========================================================================
Received Prepare
Registering precompiled user dll's ...
Registered in 0.000735 seconds.
Begin MonoManager ReloadAssembly
Native extension for WindowsStandalone target not found
Refreshing native plugins compatible for Editor in 0.24 ms, found 0 plugins.
Preloading 0 native plugins for Editor in 0.00 ms.
Invoked RoslynAnalysisRunner static constructor.
RoslynAnalysisRunner will not be running.
RoslynAnalysisRunner has terminated.
Mono: successfully reloaded assembly
- Completed reload, in  0.957 seconds
Platform modules already initialized, skipping
Refreshing native plugins compatible for Editor in 0.23 ms, found 0 plugins.
Preloading 0 native plugins for Editor in 0.00 ms.
Unloading 1125 Unused Serialized files (Serialized files now loaded: 0)
System memory in use before: 64.3 MB.
System memory in use after: 64.4 MB.

Unloading 5 unused Assets to reduce memory usage. Loaded Objects now: 1627.
Total: 2.427500 ms (FindLiveObjects: 0.235800 ms CreateObjectMapping: 0.070500 ms MarkObjects: 2.038600 ms  DeleteObjects: 0.080700 ms)

========================================================================
Received Import Request.
  Time since last request: 182.531978 seconds.
  path: Assets/AssetStore/RPG_FPS_game_assets_industrial/Other_props/Support_set/Support_set_v1/Support_set_v1_bridge1_2 1.prefab
  artifactKey: Guid(457b50ac6e7f7ca48b0226ac89de5f0c) Importer(815301076,1909f56bfc062723c751e8b465ee728b)
Start importing Assets/AssetStore/RPG_FPS_game_assets_industrial/Other_props/Support_set/Support_set_v1/Support_set_v1_bridge1_2 1.prefab using Guid(457b50ac6e7f7ca48b0226ac89de5f0c) Importer(815301076,1909f56bfc062723c751e8b465ee728b)  -> (artifact id: '1616d5f8f47a26677ec2b77d70379831') in 0.084640 seconds
  Import took 0.087903 seconds .

========================================================================
Received Import Request.
  Time since last request: 0.000280 seconds.
  path: Assets/AssetStore/RPG_FPS_game_assets_industrial/Other_props/Support_set/Support_set_v1/Support_set_v1_bridge1_3 1.prefab
  artifactKey: Guid(ca503217194dbd34ab4c447e240396cf) Importer(815301076,1909f56bfc062723c751e8b465ee728b)
Start importing Assets/AssetStore/RPG_FPS_game_assets_industrial/Other_props/Support_set/Support_set_v1/Support_set_v1_bridge1_3 1.prefab using Guid(ca503217194dbd34ab4c447e240396cf) Importer(815301076,1909f56bfc062723c751e8b465ee728b)  -> (artifact id: 'a60b73d8a683aa3b1ce40cca21e4d306') in 0.030105 seconds
  Import took 0.032709 seconds .

========================================================================
Received Import Request.
  Time since last request: 0.000507 seconds.
  path: Assets/AssetStore/RPG_FPS_game_assets_industrial/Other_props/Support_set/Support_set_v1/Support_set_v1_bridge3_3 1.prefab
  artifactKey: Guid(7fed299cd702c9f48893c947405bd7a7) Importer(815301076,1909f56bfc062723c751e8b465ee728b)
Start importing Assets/AssetStore/RPG_FPS_game_assets_industrial/Other_props/Support_set/Support_set_v1/Support_set_v1_bridge3_3 1.prefab using Guid(7fed299cd702c9f48893c947405bd7a7) Importer(815301076,1909f56bfc062723c751e8b465ee728b)  -> (artifact id: 'a989b40a0c324432364fac45e765cd1b') in 0.020131 seconds
  Import took 0.022400 seconds .

========================================================================
Received Import Request.
  Time since last request: 0.000207 seconds.
  path: Assets/AssetStore/RPG_FPS_game_assets_industrial/Other_props/Support_set/Support_set_v1/Support_set_v1_bridge2_S2 1.prefab
  artifactKey: Guid(a5267f53e9ffac14fa75ad427cda0b69) Importer(815301076,1909f56bfc062723c751e8b465ee728b)
Start importing Assets/AssetStore/RPG_FPS_game_assets_industrial/Other_props/Support_set/Support_set_v1/Support_set_v1_bridge2_S2 1.prefab using Guid(a5267f53e9ffac14fa75ad427cda0b69) Importer(815301076,1909f56bfc062723c751e8b465ee728b)  -> (artifact id: '1b2564984f0342cfd8ec41023d6ad496') in 0.031723 seconds
  Import took 0.034937 seconds .

========================================================================
Received Import Request.
  Time since last request: 0.000215 seconds.
  path: Assets/AssetStore/RPG_FPS_game_assets_industrial/Other_props/Support_set/Support_set_v1/Support_set_v1_bridge1_3 1.prefab
  artifactKey: Guid(ca503217194dbd34ab4c447e240396cf) Importer(815301076,1909f56bfc062723c751e8b465ee728b)
Start importing Assets/AssetStore/RPG_FPS_game_assets_industrial/Other_props/Support_set/Support_set_v1/Support_set_v1_bridge1_3 1.prefab using Guid(ca503217194dbd34ab4c447e240396cf) Importer(815301076,1909f56bfc062723c751e8b465ee728b)  -> (artifact id: 'a60b73d8a683aa3b1ce40cca21e4d306') in 0.016118 seconds
  Import took 0.020443 seconds .

========================================================================
Received Import Request.
  Time since last request: 0.000376 seconds.
  path: Assets/AssetStore/RPG_FPS_game_assets_industrial/Other_props/Support_set/Support_set_v1/Support_set_v1_bridge1_5 1.prefab
  artifactKey: Guid(c939958a156b9034495daa58db712b81) Importer(815301076,1909f56bfc062723c751e8b465ee728b)
Start importing Assets/AssetStore/RPG_FPS_game_assets_industrial/Other_props/Support_set/Support_set_v1/Support_set_v1_bridge1_5 1.prefab using Guid(c939958a156b9034495daa58db712b81) Importer(815301076,1909f56bfc062723c751e8b465ee728b)  -> (artifact id: 'a6b813159f4820c5e703a2090844b349') in 0.023069 seconds
  Import took 0.025839 seconds .

========================================================================
Received Import Request.
  Time since last request: 0.000441 seconds.
  path: Assets/AssetStore/RPG_FPS_game_assets_industrial/Other_props/Support_set/Support_set_v1/Support_set_v1_bridge1_2 1.prefab
  artifactKey: Guid(457b50ac6e7f7ca48b0226ac89de5f0c) Importer(815301076,1909f56bfc062723c751e8b465ee728b)
Start importing Assets/AssetStore/RPG_FPS_game_assets_industrial/Other_props/Support_set/Support_set_v1/Support_set_v1_bridge1_2 1.prefab using Guid(457b50ac6e7f7ca48b0226ac89de5f0c) Importer(815301076,1909f56bfc062723c751e8b465ee728b)  -> (artifact id: '1616d5f8f47a26677ec2b77d70379831') in 0.019064 seconds
  Import took 0.022181 seconds .

========================================================================
Received Import Request.
  Time since last request: 0.000244 seconds.
  path: Assets/AssetStore/RPG_FPS_game_assets_industrial/Other_props/Support_set/Support_set_v1/Support_set_v1_bridge3_1 1.prefab
  artifactKey: Guid(d1a49904a3c4d644c9f3bea06c2eec01) Importer(815301076,1909f56bfc062723c751e8b465ee728b)
Start importing Assets/AssetStore/RPG_FPS_game_assets_industrial/Other_props/Support_set/Support_set_v1/Support_set_v1_bridge3_1 1.prefab using Guid(d1a49904a3c4d644c9f3bea06c2eec01) Importer(815301076,1909f56bfc062723c751e8b465ee728b)  -> (artifact id: '28fe61e7bb8e9368dc0979e8fc97d603') in 0.024206 seconds
  Import took 0.028043 seconds .

========================================================================
Received Import Request.
  Time since last request: 0.000222 seconds.
  path: Assets/AssetStore/RPG_FPS_game_assets_industrial/Other_props/Support_set/Support_set_v1/Support_set_v1_bridge3_2 1.prefab
  artifactKey: Guid(0f72efed2dd7c1f4392b8524d8a4f8ca) Importer(815301076,1909f56bfc062723c751e8b465ee728b)
Start importing Assets/AssetStore/RPG_FPS_game_assets_industrial/Other_props/Support_set/Support_set_v1/Support_set_v1_bridge3_2 1.prefab using Guid(0f72efed2dd7c1f4392b8524d8a4f8ca) Importer(815301076,1909f56bfc062723c751e8b465ee728b)  -> (artifact id: '6897168f45cbe5afcbbbeff02a47b986') in 0.019687 seconds
  Import took 0.024801 seconds .

========================================================================
Received Import Request.
  Time since last request: 0.000271 seconds.
  path: Assets/AssetStore/RPG_FPS_game_assets_industrial/Other_props/Support_set/Support_set_v1/Support_set_v1_bridge2_S1 1.prefab
  artifactKey: Guid(552e1decd0d7bda44ba2f0ac5026f6cf) Importer(815301076,1909f56bfc062723c751e8b465ee728b)
Start importing Assets/AssetStore/RPG_FPS_game_assets_industrial/Other_props/Support_set/Support_set_v1/Support_set_v1_bridge2_S1 1.prefab using Guid(552e1decd0d7bda44ba2f0ac5026f6cf) Importer(815301076,1909f56bfc062723c751e8b465ee728b)  -> (artifact id: 'fc06061f0836b59ffce2400fb3cc8ff3') in 0.035120 seconds
  Import took 0.038254 seconds .

========================================================================
Received Import Request.
  Time since last request: 0.000228 seconds.
  path: Assets/AssetStore/RPG_FPS_game_assets_industrial/Other_props/Support_set/Support_set_v1/Support_set_v1_bridge1_4 1.prefab
  artifactKey: Guid(068c3746cb1af6c4e9318a8d2ea578ec) Importer(815301076,1909f56bfc062723c751e8b465ee728b)
Start importing Assets/AssetStore/RPG_FPS_game_assets_industrial/Other_props/Support_set/Support_set_v1/Support_set_v1_bridge1_4 1.prefab using Guid(068c3746cb1af6c4e9318a8d2ea578ec) Importer(815301076,1909f56bfc062723c751e8b465ee728b)  -> (artifact id: 'd6657605c05d1f91536f3541e0eb374a') in 0.019648 seconds
  Import took 0.022939 seconds .

========================================================================
Received Import Request.
  Time since last request: 0.000602 seconds.
  path: Assets/AssetStore/RPG_FPS_game_assets_industrial/Other_props/Support_set/Support_set_v1/Support_set_v1_bridge2_S1 1.prefab
  artifactKey: Guid(552e1decd0d7bda44ba2f0ac5026f6cf) Importer(815301076,1909f56bfc062723c751e8b465ee728b)
Start importing Assets/AssetStore/RPG_FPS_game_assets_industrial/Other_props/Support_set/Support_set_v1/Support_set_v1_bridge2_S1 1.prefab using Guid(552e1decd0d7bda44ba2f0ac5026f6cf) Importer(815301076,1909f56bfc062723c751e8b465ee728b)  -> (artifact id: 'fc06061f0836b59ffce2400fb3cc8ff3') in 0.009824 seconds
  Import took 0.011994 seconds .

========================================================================
Received Import Request.
  Time since last request: 69.806153 seconds.
  path: Assets/AssetStore/RPG_FPS_game_assets_industrial/Other_props/Palets/Palet_v1/Source
  artifactKey: Guid(3754f0a5e41af054f9b83419a456f5a5) Importer(815301076,1909f56bfc062723c751e8b465ee728b)
Start importing Assets/AssetStore/RPG_FPS_game_assets_industrial/Other_props/Palets/Palet_v1/Source using Guid(3754f0a5e41af054f9b83419a456f5a5) Importer(815301076,1909f56bfc062723c751e8b465ee728b)  -> (artifact id: '48dceddd3f230eab71fc6342c4ef1d19') in 0.003510 seconds
  Import took 0.007493 seconds .

========================================================================
Received Import Request.
  Time since last request: 2.388000 seconds.
  path: Assets/AssetStore/RPG_FPS_game_assets_industrial/Other_props/Palets/Bags_on_pallet_v1
  artifactKey: Guid(a49dfc4744f2cfa4ea98b0e7dd5b9bbb) Importer(815301076,1909f56bfc062723c751e8b465ee728b)
Start importing Assets/AssetStore/RPG_FPS_game_assets_industrial/Other_props/Palets/Bags_on_pallet_v1 using Guid(a49dfc4744f2cfa4ea98b0e7dd5b9bbb) Importer(815301076,1909f56bfc062723c751e8b465ee728b)  -> (artifact id: '5ff299e61b6a407e86fed5baf0111d68') in 0.009411 seconds
  Import took 0.019083 seconds .

========================================================================
Received Import Request.
  Time since last request: 0.000889 seconds.
  path: Assets/AssetStore/RPG_FPS_game_assets_industrial/Other_props/Palets/Bags_on_pallet_v1
  artifactKey: Guid(a49dfc4744f2cfa4ea98b0e7dd5b9bbb) Importer(815301076,1909f56bfc062723c751e8b465ee728b)
Start importing Assets/AssetStore/RPG_FPS_game_assets_industrial/Other_props/Palets/Bags_on_pallet_v1 using Guid(a49dfc4744f2cfa4ea98b0e7dd5b9bbb) Importer(815301076,1909f56bfc062723c751e8b465ee728b)  -> (artifact id: '5ff299e61b6a407e86fed5baf0111d68') in 0.002716 seconds
  Import took 0.006084 seconds .

========================================================================
Received Import Request.
  Time since last request: 0.052442 seconds.
  path: Assets/AssetStore/RPG_FPS_game_assets_industrial/Other_props/Palets/Bags_on_pallet_v1/Bags_on_pallet_v1_1.prefab
  artifactKey: Guid(6d21e769def7d504ea22abcb06173633) Importer(815301076,1909f56bfc062723c751e8b465ee728b)
Start importing Assets/AssetStore/RPG_FPS_game_assets_industrial/Other_props/Palets/Bags_on_pallet_v1/Bags_on_pallet_v1_1.prefab using Guid(6d21e769def7d504ea22abcb06173633) Importer(815301076,1909f56bfc062723c751e8b465ee728b)  -> (artifact id: '4b428530aca8631871f72bbbc0ed5721') in 0.044900 seconds
  Import took 0.047271 seconds .

========================================================================
Received Import Request.
  Time since last request: 0.000325 seconds.
  path: Assets/AssetStore/RPG_FPS_game_assets_industrial/Other_props/Palets/Bags_on_pallet_v1/Bags_on_pallet_v1_2.prefab
  artifactKey: Guid(7664aa771caa1ce42965283fa24dbbd2) Importer(815301076,1909f56bfc062723c751e8b465ee728b)
Start importing Assets/AssetStore/RPG_FPS_game_assets_industrial/Other_props/Palets/Bags_on_pallet_v1/Bags_on_pallet_v1_2.prefab using Guid(7664aa771caa1ce42965283fa24dbbd2) Importer(815301076,1909f56bfc062723c751e8b465ee728b)  -> (artifact id: '82bab9d4b4d5bb2d5ef2738ac885ad0f') in 0.026473 seconds
  Import took 0.028518 seconds .

========================================================================
Received Import Request.
  Time since last request: 15.171186 seconds.
  path: Assets/AssetStore/RPG_FPS_game_assets_industrial/Other_props/Electric_box/Electric_box_v2
  artifactKey: Guid(59bb29d651c36c7429627a80bf5a3fd4) Importer(815301076,1909f56bfc062723c751e8b465ee728b)
Start importing Assets/AssetStore/RPG_FPS_game_assets_industrial/Other_props/Electric_box/Electric_box_v2 using Guid(59bb29d651c36c7429627a80bf5a3fd4) Importer(815301076,1909f56bfc062723c751e8b465ee728b)  -> (artifact id: '9b7e5f1e0fe8b21b067f450e641f919a') in 0.007889 seconds
  Import took 0.010351 seconds .

